Determining if the function sgemm_ exists failed with the following output:
Change Dir: /Users/studnet2/Desktop/ikaros - forked/ikaros/Build/CMakeFiles/CMakeTmp

Run Build Command(s):/usr/bin/make cmTC_9b9a7/fast && /Library/Developer/CommandLineTools/usr/bin/make  -f CMakeFiles/cmTC_9b9a7.dir/build.make CMakeFiles/cmTC_9b9a7.dir/build
Building C object CMakeFiles/cmTC_9b9a7.dir/CheckFunctionExists.c.o
/Library/Developer/CommandLineTools/usr/bin/cc   -DCHECK_FUNCTION_EXISTS=sgemm_ -isysroot /Library/Developer/CommandLineTools/SDKs/MacOSX10.15.sdk -o CMakeFiles/cmTC_9b9a7.dir/CheckFunctionExists.c.o -c /usr/local/Cellar/cmake/3.18.4/share/cmake/Modules/CheckFunctionExists.c
Linking C executable cmTC_9b9a7
/usr/local/Cellar/cmake/3.18.4/bin/cmake -E cmake_link_script CMakeFiles/cmTC_9b9a7.dir/link.txt --verbose=1
/Library/Developer/CommandLineTools/usr/bin/cc  -DCHECK_FUNCTION_EXISTS=sgemm_ -isysroot /Library/Developer/CommandLineTools/SDKs/MacOSX10.15.sdk -Wl,-search_paths_first -Wl,-headerpad_max_install_names CMakeFiles/cmTC_9b9a7.dir/CheckFunctionExists.c.o -o cmTC_9b9a7 
Undefined symbols for architecture x86_64:
  "_sgemm_", referenced from:
      _main in CheckFunctionExists.c.o
ld: symbol(s) not found for architecture x86_64
clang: error: linker command failed with exit code 1 (use -v to see invocation)
make[1]: *** [cmTC_9b9a7] Error 1
make: *** [cmTC_9b9a7/fast] Error 2



Determining if the function sgemm_ exists failed with the following output:
Change Dir: /Users/studnet2/Desktop/ikaros - forked/ikaros/Build/CMakeFiles/CMakeTmp

Run Build Command(s):/usr/bin/make cmTC_fd636/fast && /Library/Developer/CommandLineTools/usr/bin/make  -f CMakeFiles/cmTC_fd636.dir/build.make CMakeFiles/cmTC_fd636.dir/build
Building C object CMakeFiles/cmTC_fd636.dir/CheckFunctionExists.c.o
/Library/Developer/CommandLineTools/usr/bin/cc   -DCHECK_FUNCTION_EXISTS=sgemm_ -isysroot /Library/Developer/CommandLineTools/SDKs/MacOSX10.15.sdk -o CMakeFiles/cmTC_fd636.dir/CheckFunctionExists.c.o -c /usr/local/Cellar/cmake/3.18.4/share/cmake/Modules/CheckFunctionExists.c
Linking C executable cmTC_fd636
/usr/local/Cellar/cmake/3.18.4/bin/cmake -E cmake_link_script CMakeFiles/cmTC_fd636.dir/link.txt --verbose=1
/Library/Developer/CommandLineTools/usr/bin/cc  -DCHECK_FUNCTION_EXISTS=sgemm_ -isysroot /Library/Developer/CommandLineTools/SDKs/MacOSX10.15.sdk -Wl,-search_paths_first -Wl,-headerpad_max_install_names CMakeFiles/cmTC_fd636.dir/CheckFunctionExists.c.o -o cmTC_fd636 
Undefined symbols for architecture x86_64:
  "_sgemm_", referenced from:
      _main in CheckFunctionExists.c.o
ld: symbol(s) not found for architecture x86_64
clang: error: linker command failed with exit code 1 (use -v to see invocation)
make[1]: *** [cmTC_fd636] Error 1
make: *** [cmTC_fd636/fast] Error 2



